Drill report for EHT.kicad_pcb
Created on 2025-08-27T21:10:13+0200

Copper Layer Stackup:
    =============================================================
    L1 :  F.Cu                      front
    L2 :  In1.Cu                    in1
    L3 :  In2.Cu                    in2
    L4 :  B.Cu                      back


Drill file 'EHT-PTH.drl' contains
    plated through holes:
    =============================================================
    T1  0,300mm  0,0118"  (53 holes)
    T2  0,300mm  0,0118"  (12 holes)
    T3  0,600mm  0,0236"  (4 holes)  (with 4 slots)

    Total plated holes count 69


Drill file 'EHT-NPTH.drl' contains
    unplated through holes:
    =============================================================
    T1  0,650mm  0,0256"  (2 holes)
    T2  2,200mm  0,0866"  (4 holes)

    Total unplated holes count 6
